<?xml version="1.0" encoding="UTF-8"?>
<testsuite name="com.example.AppTest" tests="1" skipped="0" failures="0" errors="0" timestamp="2025-05-01T08:13:14" hostname="varshitha-VirtualBox" time="0.002">
  <properties/>
  <testcase name="testApp" classname="com.example.AppTest" time="0.002"/>
  <system-out><![CDATA[]]></system-out>
  <system-err><![CDATA[]]></system-err>
</testsuite>
